Performing C SOURCE FILE Test CMAKE_HAVE_LIBC_PTHREAD failed with the following output:
Change Dir: /home/remco/catkin_ws/src/suii_simulation/include/suii_simulation/ur3_plugin/build/CMakeFiles/CMakeTmp

Run Build Command(s):/usr/bin/make cmTC_f5e49/fast && /usr/bin/make -f CMakeFiles/cmTC_f5e49.dir/build.make CMakeFiles/cmTC_f5e49.dir/build
make[1]: Entering directory '/home/remco/catkin_ws/src/suii_simulation/include/suii_simulation/ur3_plugin/build/CMakeFiles/CMakeTmp'
Building C object CMakeFiles/cmTC_f5e49.dir/src.c.o
/usr/bin/cc   -DCMAKE_HAVE_LIBC_PTHREAD   -o CMakeFiles/cmTC_f5e49.dir/src.c.o   -c /home/remco/catkin_ws/src/suii_simulation/include/suii_simulation/ur3_plugin/build/CMakeFiles/CMakeTmp/src.c
Linking C executable cmTC_f5e49
/home/remco/cmake-install/bin/cmake -E cmake_link_script CMakeFiles/cmTC_f5e49.dir/link.txt --verbose=1
/usr/bin/cc  -DCMAKE_HAVE_LIBC_PTHREAD    -rdynamic CMakeFiles/cmTC_f5e49.dir/src.c.o  -o cmTC_f5e49 
CMakeFiles/cmTC_f5e49.dir/src.c.o: In function `main':
src.c:(.text+0x3e): undefined reference to `pthread_create'
src.c:(.text+0x4a): undefined reference to `pthread_detach'
src.c:(.text+0x56): undefined reference to `pthread_cancel'
src.c:(.text+0x67): undefined reference to `pthread_join'
src.c:(.text+0x7b): undefined reference to `pthread_atfork'
collect2: error: ld returned 1 exit status
CMakeFiles/cmTC_f5e49.dir/build.make:103: recipe for target 'cmTC_f5e49' failed
make[1]: *** [cmTC_f5e49] Error 1
make[1]: Leaving directory '/home/remco/catkin_ws/src/suii_simulation/include/suii_simulation/ur3_plugin/build/CMakeFiles/CMakeTmp'
Makefile:138: recipe for target 'cmTC_f5e49/fast' failed
make: *** [cmTC_f5e49/fast] Error 2


Source file was:
#include <pthread.h>

void* test_func(void* data)
{
  return data;
}

int main(void)
{
  pthread_t thread;
  pthread_create(&thread, NULL, test_func, NULL);
  pthread_detach(thread);
  pthread_cancel(thread);
  pthread_join(thread, NULL);
  pthread_atfork(NULL, NULL, NULL);
  pthread_exit(NULL);

  return 0;
}

Determining if the function pthread_create exists in the pthreads failed with the following output:
Change Dir: /home/remco/catkin_ws/src/suii_simulation/include/suii_simulation/ur3_plugin/build/CMakeFiles/CMakeTmp

Run Build Command(s):/usr/bin/make cmTC_e7e7a/fast && /usr/bin/make -f CMakeFiles/cmTC_e7e7a.dir/build.make CMakeFiles/cmTC_e7e7a.dir/build
make[1]: Entering directory '/home/remco/catkin_ws/src/suii_simulation/include/suii_simulation/ur3_plugin/build/CMakeFiles/CMakeTmp'
Building C object CMakeFiles/cmTC_e7e7a.dir/CheckFunctionExists.c.o
/usr/bin/cc   -DCHECK_FUNCTION_EXISTS=pthread_create   -o CMakeFiles/cmTC_e7e7a.dir/CheckFunctionExists.c.o   -c /home/remco/cmake-install/share/cmake-3.17/Modules/CheckFunctionExists.c
Linking C executable cmTC_e7e7a
/home/remco/cmake-install/bin/cmake -E cmake_link_script CMakeFiles/cmTC_e7e7a.dir/link.txt --verbose=1
/usr/bin/cc  -DCHECK_FUNCTION_EXISTS=pthread_create    -rdynamic CMakeFiles/cmTC_e7e7a.dir/CheckFunctionExists.c.o  -o cmTC_e7e7a  -lpthreads 
/usr/bin/ld: cannot find -lpthreads
collect2: error: ld returned 1 exit status
CMakeFiles/cmTC_e7e7a.dir/build.make:103: recipe for target 'cmTC_e7e7a' failed
make[1]: *** [cmTC_e7e7a] Error 1
make[1]: Leaving directory '/home/remco/catkin_ws/src/suii_simulation/include/suii_simulation/ur3_plugin/build/CMakeFiles/CMakeTmp'
Makefile:138: recipe for target 'cmTC_e7e7a/fast' failed
make: *** [cmTC_e7e7a/fast] Error 2



